# Time: 2024-10-13 10:35:44
# Query_time: 1.35  Lock_time: 0.15 Rows_sent: 40  Rows_examined: 4049
DELETE FROM carts WHERE created_at < NOW() - INTERVAL 30 DAY;
# Time: 2024-10-13 10:35:59
# Query_time: 2.27  Lock_time: 0.26 Rows_sent: 808  Rows_examined: 8292
INSERT INTO user_sessions (session_id, user_id) VALUES ('y2DCG2l9EEWKxdQBQD7387TZtacAV0b5', 5125);
# Time: 2024-10-13 10:36:14
# Query_time: 2.59  Lock_time: 0.19 Rows_sent: 811  Rows_examined: 3517
UPDATE products SET stock = stock - 1 WHERE product_id = 264;
# Time: 2024-10-13 10:36:29
# Query_time: 4.95  Lock_time: 0.14 Rows_sent: 890  Rows_examined: 2681
DELETE FROM carts WHERE created_at < NOW() - INTERVAL 30 DAY;
# Time: 2024-10-13 10:36:44
# Query_time: 4.81  Lock_time: 0.01 Rows_sent: 677  Rows_examined: 7228
INSERT INTO user_sessions (session_id, user_id) VALUES ('EhRCF1aNkEklAMApVwNXapxBQLGhHwYQ', 4956);
# Time: 2024-10-13 10:36:59
# Query_time: 4.63  Lock_time: 0.28 Rows_sent: 588  Rows_examined: 4136
SELECT * FROM orders WHERE customer_id = 2978;
# Time: 2024-10-13 10:37:14
# Query_time: 1.89  Lock_time: 0.10 Rows_sent: 530  Rows_examined: 3274
SELECT p.* FROM products p JOIN categories c ON p.category_id = c.id WHERE c.name = 'Clothing';
# Time: 2024-10-13 10:37:29
# Query_time: 0.53  Lock_time: 0.44 Rows_sent: 854  Rows_examined: 4730
INSERT INTO user_sessions (session_id, user_id) VALUES ('EaDMHWFCrHVX3oVilgPdUoVakA0Yz8Ba', 9648);
# Time: 2024-10-13 10:37:44
# Query_time: 3.41  Lock_time: 0.46 Rows_sent: 158  Rows_examined: 1729
SELECT p.* FROM products p JOIN categories c ON p.category_id = c.id WHERE c.name = 'Books';
# Time: 2024-10-13 10:37:59
# Query_time: 3.95  Lock_time: 0.21 Rows_sent: 176  Rows_examined: 7163
SELECT p.* FROM products p JOIN categories c ON p.category_id = c.id WHERE c.name = 'Books';
# Time: 2024-10-13 10:38:14
# Query_time: 4.42  Lock_time: 0.47 Rows_sent: 171  Rows_examined: 4935
INSERT INTO user_sessions (session_id, user_id) VALUES ('tsBcEac3iSpuzkc767JaEpTFVgvHAL8T', 8886);
# Time: 2024-10-13 10:38:29
# Query_time: 1.49  Lock_time: 0.01 Rows_sent: 255  Rows_examined: 1478
SELECT * FROM orders WHERE customer_id = 4264;
# Time: 2024-10-13 10:38:44
# Query_time: 2.32  Lock_time: 0.04 Rows_sent: 829  Rows_examined: 5190
INSERT INTO user_sessions (session_id, user_id) VALUES ('BZ2WRG2mHeYxACJQi5ktDx7dqNAWZ566', 5544);
# Time: 2024-10-13 10:38:59
# Query_time: 2.43  Lock_time: 0.02 Rows_sent: 712  Rows_examined: 5778
UPDATE products SET stock = stock - 1 WHERE product_id = 8721;
# Time: 2024-10-13 10:39:14
# Query_time: 1.97  Lock_time: 0.14 Rows_sent: 376  Rows_examined: 7206
SELECT * FROM orders WHERE customer_id = 936;
# Time: 2024-10-13 10:39:29
# Query_time: 3.96  Lock_time: 0.15 Rows_sent: 791  Rows_examined: 10553
UPDATE products SET stock = stock - 1 WHERE product_id = 9365;
# Time: 2024-10-13 10:39:44
# Query_time: 1.01  Lock_time: 0.16 Rows_sent: 324  Rows_examined: 9625
SELECT * FROM orders WHERE customer_id = 3443;
# Time: 2024-10-13 10:39:59
# Query_time: 4.25  Lock_time: 0.41 Rows_sent: 413  Rows_examined: 5798
UPDATE products SET stock = stock - 1 WHERE product_id = 2540;
# Time: 2024-10-13 10:40:14
# Query_time: 2.96  Lock_time: 0.41 Rows_sent: 312  Rows_examined: 2294
DELETE FROM carts WHERE created_at < NOW() - INTERVAL 30 DAY;
# Time: 2024-10-13 10:40:29
# Query_time: 3.61  Lock_time: 0.09 Rows_sent: 714  Rows_examined: 7160
DELETE FROM carts WHERE created_at < NOW() - INTERVAL 30 DAY;
# Time: 2024-10-13 10:40:44
# Query_time: 2.29  Lock_time: 0.07 Rows_sent: 414  Rows_examined: 829
SELECT p.* FROM products p JOIN categories c ON p.category_id = c.id WHERE c.name = 'Books';
# Time: 2024-10-13 10:40:59
# Query_time: 2.80  Lock_time: 0.03 Rows_sent: 964  Rows_examined: 9570
SELECT * FROM orders WHERE customer_id = 2058;
# Time: 2024-10-13 10:41:14
# Query_time: 0.68  Lock_time: 0.36 Rows_sent: 438  Rows_examined: 5774
UPDATE products SET stock = stock - 1 WHERE product_id = 5503;
# Time: 2024-10-13 10:41:29
# Query_time: 4.47  Lock_time: 0.17 Rows_sent: 59  Rows_examined: 6675
INSERT INTO user_sessions (session_id, user_id) VALUES ('jcE8gWu6YQ7LCAex7SfzGMESI3zTQqU9', 7115);
# Time: 2024-10-13 10:41:44
# Query_time: 2.83  Lock_time: 0.15 Rows_sent: 850  Rows_examined: 5413
DELETE FROM carts WHERE created_at < NOW() - INTERVAL 30 DAY;
# Time: 2024-10-13 10:41:59
# Query_time: 0.62  Lock_time: 0.27 Rows_sent: 545  Rows_examined: 7419
INSERT INTO user_sessions (session_id, user_id) VALUES ('pcF7qD2OMlRR8wXoggsTtBeV3VZMC26a', 9581);
# Time: 2024-10-13 10:42:14
# Query_time: 2.81  Lock_time: 0.50 Rows_sent: 312  Rows_examined: 9477
SELECT p.* FROM products p JOIN categories c ON p.category_id = c.id WHERE c.name = 'Home & Garden';
# Time: 2024-10-13 10:42:29
# Query_time: 4.41  Lock_time: 0.09 Rows_sent: 124  Rows_examined: 4796
DELETE FROM carts WHERE created_at < NOW() - INTERVAL 30 DAY;
# Time: 2024-10-13 10:42:44
# Query_time: 3.41  Lock_time: 0.02 Rows_sent: 524  Rows_examined: 8640
SELECT * FROM orders WHERE customer_id = 1924;
# Time: 2024-10-13 10:42:59
# Query_time: 1.60  Lock_time: 0.31 Rows_sent: 249  Rows_examined: 2873
DELETE FROM carts WHERE created_at < NOW() - INTERVAL 30 DAY;
# Time: 2024-10-13 10:43:14
# Query_time: 1.37  Lock_time: 0.28 Rows_sent: 933  Rows_examined: 7423
INSERT INTO user_sessions (session_id, user_id) VALUES ('NUGCfMmH7RmB3HxC3y5tQ0GtQugCZzEl', 9326);
# Time: 2024-10-13 10:43:29
# Query_time: 0.78  Lock_time: 0.37 Rows_sent: 492  Rows_examined: 6526
SELECT p.* FROM products p JOIN categories c ON p.category_id = c.id WHERE c.name = 'Books';
# Time: 2024-10-13 10:43:44
# Query_time: 4.71  Lock_time: 0.23 Rows_sent: 16  Rows_examined: 4150
UPDATE products SET stock = stock - 1 WHERE product_id = 8477;
# Time: 2024-10-13 10:43:59
# Query_time: 2.41  Lock_time: 0.41 Rows_sent: 694  Rows_examined: 5224
SELECT p.* FROM products p JOIN categories c ON p.category_id = c.id WHERE c.name = 'Home & Garden';
# Time: 2024-10-13 10:44:14
# Query_time: 3.99  Lock_time: 0.50 Rows_sent: 372  Rows_examined: 10060
UPDATE products SET stock = stock - 1 WHERE product_id = 7876;
# Time: 2024-10-13 10:44:29
# Query_time: 4.72  Lock_time: 0.17 Rows_sent: 520  Rows_examined: 10035
SELECT p.* FROM products p JOIN categories c ON p.category_id = c.id WHERE c.name = 'Books';
# Time: 2024-10-13 10:44:44
# Query_time: 3.88  Lock_time: 0.13 Rows_sent: 232  Rows_examined: 2418
DELETE FROM carts WHERE created_at < NOW() - INTERVAL 30 DAY;
# Time: 2024-10-13 10:44:59
# Query_time: 3.59  Lock_time: 0.05 Rows_sent: 162  Rows_examined: 9321
SELECT p.* FROM products p JOIN categories c ON p.category_id = c.id WHERE c.name = 'Home & Garden';
# Time: 2024-10-13 10:49:42
# Query_time: 1.50  Lock_time: 0.44 Rows_sent: 609  Rows_examined: 1287
UPDATE products SET stock = stock - 1 WHERE product_id = 8021;
# Time: 2024-10-13 10:50:08
# Query_time: 0.82  Lock_time: 0.27 Rows_sent: 596  Rows_examined: 7525
DELETE FROM carts WHERE created_at < NOW() - INTERVAL 30 DAY;
# Time: 2024-10-13 10:50:23
# Query_time: 3.03  Lock_time: 0.45 Rows_sent: 531  Rows_examined: 8741
SELECT p.* FROM products p JOIN categories c ON p.category_id = c.id WHERE c.name = 'Clothing';
# Time: 2024-10-13 10:50:38
# Query_time: 0.68  Lock_time: 0.44 Rows_sent: 864  Rows_examined: 2951
SELECT * FROM orders WHERE customer_id = 6465;
# Time: 2024-10-13 10:50:53
# Query_time: 4.46  Lock_time: 0.30 Rows_sent: 950  Rows_examined: 7056
INSERT INTO user_sessions (session_id, user_id) VALUES ('BTZUMdvo2iot7tHKyRYRRukHJ9fhfNAr', 600);
# Time: 2024-10-13 10:51:08
# Query_time: 1.08  Lock_time: 0.40 Rows_sent: 916  Rows_examined: 2769
DELETE FROM carts WHERE created_at < NOW() - INTERVAL 30 DAY;
# Time: 2024-10-13 10:51:23
# Query_time: 2.13  Lock_time: 0.17 Rows_sent: 644  Rows_examined: 3798
SELECT * FROM orders WHERE customer_id = 3663;
# Time: 2024-10-13 10:51:38
# Query_time: 1.26  Lock_time: 0.32 Rows_sent: 819  Rows_examined: 5899
DELETE FROM carts WHERE created_at < NOW() - INTERVAL 30 DAY;
# Time: 2024-10-13 10:51:53
# Query_time: 3.78  Lock_time: 0.05 Rows_sent: 558  Rows_examined: 7792
SELECT * FROM orders WHERE customer_id = 1791;
# Time: 2024-10-13 10:52:08
# Query_time: 4.59  Lock_time: 0.19 Rows_sent: 777  Rows_examined: 10532
SELECT * FROM orders WHERE customer_id = 92;
# Time: 2024-10-13 10:52:23
# Query_time: 3.45  Lock_time: 0.09 Rows_sent: 220  Rows_examined: 3124
SELECT * FROM orders WHERE customer_id = 1501;
# Time: 2024-10-13 10:52:38
# Query_time: 4.14  Lock_time: 0.28 Rows_sent: 495  Rows_examined: 5435
INSERT INTO user_sessions (session_id, user_id) VALUES ('ihXYU1c5MdjxT550FcXBFiAgKDU5AIEn', 2234);
# Time: 2024-10-13 10:56:18
# Query_time: 3.67  Lock_time: 0.25 Rows_sent: 966  Rows_examined: 1227
SELECT p.* FROM products p JOIN categories c ON p.category_id = c.id WHERE c.name = 'Clothing';
# Time: 2024-10-13 10:56:33
# Query_time: 1.01  Lock_time: 0.17 Rows_sent: 73  Rows_examined: 1905
UPDATE products SET stock = stock - 1 WHERE product_id = 4031;
# Time: 2024-10-13 10:56:48
# Query_time: 4.42  Lock_time: 0.27 Rows_sent: 908  Rows_examined: 1047
UPDATE products SET stock = stock - 1 WHERE product_id = 287;
# Time: 2024-10-13 10:57:03
# Query_time: 4.12  Lock_time: 0.08 Rows_sent: 557  Rows_examined: 9987
UPDATE products SET stock = stock - 1 WHERE product_id = 4994;
# Time: 2024-10-13 10:57:18
# Query_time: 3.32  Lock_time: 0.19 Rows_sent: 956  Rows_examined: 2673
SELECT * FROM orders WHERE customer_id = 2692;
# Time: 2024-10-13 10:57:33
# Query_time: 3.01  Lock_time: 0.27 Rows_sent: 548  Rows_examined: 9565
DELETE FROM carts WHERE created_at < NOW() - INTERVAL 30 DAY;
# Time: 2024-10-13 10:57:48
# Query_time: 1.36  Lock_time: 0.17 Rows_sent: 624  Rows_examined: 4578
UPDATE products SET stock = stock - 1 WHERE product_id = 9661;
# Time: 2024-10-13 10:58:03
# Query_time: 2.53  Lock_time: 0.05 Rows_sent: 57  Rows_examined: 5501
INSERT INTO user_sessions (session_id, user_id) VALUES ('heBJp61CIoGlrsmdPNXU1DfWianjEBf3', 9950);
# Time: 2024-10-13 10:58:18
# Query_time: 4.01  Lock_time: 0.31 Rows_sent: 435  Rows_examined: 9390
SELECT p.* FROM products p JOIN categories c ON p.category_id = c.id WHERE c.name = 'Home & Garden';
# Time: 2024-10-13 10:58:33
# Query_time: 2.85  Lock_time: 0.22 Rows_sent: 565  Rows_examined: 3063
SELECT * FROM orders WHERE customer_id = 390;
# Time: 2024-10-13 10:58:48
# Query_time: 4.16  Lock_time: 0.45 Rows_sent: 139  Rows_examined: 6873
UPDATE products SET stock = stock - 1 WHERE product_id = 4580;
