241013 10:35:44 [WARNING] [Code: 1054] Unknown column 'unknown_column' in 'field list'
241013 10:35:54 [ERROR] [Code: 1064] Syntax error near 'FROM table WHERE id = 1'
241013 10:36:04 [NOTE] [Code: 1064] Syntax error near 'FROM table WHERE id = 1'
241013 10:36:14 [WARNING] [Code: 1064] Syntax error near 'FROM table WHERE id = 1'
241013 10:36:24 [ERROR] [Code: 1054] Unknown column 'id' in 'where clause'
241013 10:36:34 [NOTE] [Code: 1064] You have an error in your SQL syntax; check the manual that corresponds to your MySQL server version
241013 10:36:44 [NOTE] [Code: 1054] Unknown column 'unknown_column' in 'field list'
241013 10:36:54 [WARNING] [Code: 1054] Unknown column 'id' in 'where clause'
241013 10:37:04 [WARNING] [Code: 1054] Unknown column 'unknown_column' in 'field list'
241013 10:37:14 [NOTE] [Code: 1045] Access denied for user 'user'@'localhost' (using password: YES)
241013 10:37:24 [NOTE] [Code: 1045] Access denied for user 'user'@'localhost' (using password: YES)
241013 10:37:34 [NOTE] [Code: 1064] You have an error in your SQL syntax; check the manual that corresponds to your MySQL server version
241013 10:37:44 [ERROR] [Code: 2003] Can't connect to MySQL server on 'localhost' (10061)
241013 10:37:54 [NOTE] [Code: 1045] Access denied for user 'root'@'localhost' (using password: NO)
241013 10:38:04 [ERROR] [Code: 1045] Access denied for user 'user'@'localhost' (using password: YES)
241013 10:38:14 [WARNING] [Code: 2003] Can't connect to MySQL server on '192.168.1.100' (111)
241013 10:38:24 [WARNING] [Code: 1064] You have an error in your SQL syntax; check the manual that corresponds to your MySQL server version
241013 10:38:34 [ERROR] [Code: 1054] Unknown column 'unknown_column' in 'field list'
241013 10:38:44 [WARNING] [Code: 1146] Table 'database.table' doesn't exist
241013 10:38:54 [ERROR] [Code: 2003] Can't connect to MySQL server on 'localhost' (10061)
241013 10:39:04 [WARNING] [Code: 1054] Unknown column 'id' in 'where clause'
241013 10:39:14 [WARNING] [Code: 2003] Can't connect to MySQL server on '192.168.1.100' (111)
241013 10:39:24 [ERROR] [Code: 1064] You have an error in your SQL syntax; check the manual that corresponds to your MySQL server version
241013 10:39:34 [NOTE] [Code: 1064] Syntax error near 'FROM table WHERE id = 1'
241013 10:39:44 [WARNING] [Code: 1146] Table 'database.unknown_table' doesn't exist
241013 10:39:54 [NOTE] [Code: 1146] Table 'database.unknown_table' doesn't exist
241013 10:40:04 [NOTE] [Code: 2003] Can't connect to MySQL server on '192.168.1.100' (111)
241013 10:40:14 [WARNING] [Code: 1146] Table 'database.table' doesn't exist
241013 10:40:24 [ERROR] [Code: 1064] Syntax error near 'FROM table WHERE id = 1'
241013 10:40:34 [NOTE] [Code: 2003] Can't connect to MySQL server on 'localhost' (10061)
241013 10:40:44 [NOTE] [Code: 1064] Syntax error near 'FROM table WHERE id = 1'
241013 10:40:54 [NOTE] [Code: 2003] Can't connect to MySQL server on '192.168.1.100' (111)
241013 10:41:04 [NOTE] [Code: 1054] Unknown column 'unknown_column' in 'field list'
241013 10:41:14 [NOTE] [Code: 1045] Access denied for user 'user'@'localhost' (using password: YES)
241013 10:41:24 [ERROR] [Code: 1146] Table 'database.unknown_table' doesn't exist
241013 10:41:34 [WARNING] [Code: 1045] Access denied for user 'root'@'localhost' (using password: NO)
241013 10:41:44 [ERROR] [Code: 1054] Unknown column 'unknown_column' in 'field list'
241013 10:41:54 [WARNING] [Code: 1054] Unknown column 'unknown_column' in 'field list'
241013 10:42:04 [NOTE] [Code: 1064] You have an error in your SQL syntax; check the manual that corresponds to your MySQL server version
241013 10:42:14 [ERROR] [Code: 1146] Table 'database.table' doesn't exist
241013 10:42:24 [ERROR] [Code: 1054] Unknown column 'unknown_column' in 'field list'
241013 10:42:34 [NOTE] [Code: 1054] Unknown column 'unknown_column' in 'field list'
241013 10:42:44 [WARNING] [Code: 1064] You have an error in your SQL syntax; check the manual that corresponds to your MySQL server version
241013 10:42:54 [WARNING] [Code: 1146] Table 'database.table' doesn't exist
241013 10:43:04 [WARNING] [Code: 1045] Access denied for user 'user'@'localhost' (using password: YES)
241013 10:43:14 [ERROR] [Code: 1146] Table 'database.table' doesn't exist
241013 10:43:24 [WARNING] [Code: 2003] Can't connect to MySQL server on '192.168.1.100' (111)
241013 10:43:34 [NOTE] [Code: 2003] Can't connect to MySQL server on '192.168.1.100' (111)
241013 10:43:44 [NOTE] [Code: 1054] Unknown column 'unknown_column' in 'field list'
241013 10:43:54 [ERROR] [Code: 1146] Table 'database.table' doesn't exist
241013 10:44:04 [WARNING] [Code: 1045] Access denied for user 'root'@'localhost' (using password: NO)
241013 10:44:14 [ERROR] [Code: 2003] Can't connect to MySQL server on '192.168.1.100' (111)
241013 10:44:24 [NOTE] [Code: 1064] Syntax error near 'FROM table WHERE id = 1'
241013 10:44:34 [ERROR] [Code: 1064] Syntax error near 'FROM table WHERE id = 1'
241013 10:44:44 [NOTE] [Code: 1045] Access denied for user 'root'@'localhost' (using password: NO)
241013 10:44:54 [ERROR] [Code: 1146] Table 'database.unknown_table' doesn't exist
241013 10:45:04 [WARNING] [Code: 1054] Unknown column 'id' in 'where clause'
241013 10:49:42 [NOTE] [Code: 1054] Unknown column 'unknown_column' in 'field list'
241013 10:50:03 [WARNING] [Code: 1045] Access denied for user 'root'@'localhost' (using password: NO)
241013 10:50:13 [WARNING] [Code: 1045] Access denied for user 'root'@'localhost' (using password: NO)
241013 10:50:23 [ERROR] [Code: 1146] Table 'database.unknown_table' doesn't exist
241013 10:50:33 [NOTE] [Code: 1064] You have an error in your SQL syntax; check the manual that corresponds to your MySQL server version
241013 10:50:43 [NOTE] [Code: 1045] Access denied for user 'user'@'localhost' (using password: YES)
241013 10:50:53 [NOTE] [Code: 1064] You have an error in your SQL syntax; check the manual that corresponds to your MySQL server version
241013 10:51:03 [WARNING] [Code: 1045] Access denied for user 'user'@'localhost' (using password: YES)
241013 10:51:13 [WARNING] [Code: 1146] Table 'database.table' doesn't exist
241013 10:51:23 [WARNING] [Code: 2003] Can't connect to MySQL server on '192.168.1.100' (111)
241013 10:51:33 [NOTE] [Code: 2003] Can't connect to MySQL server on 'localhost' (10061)
241013 10:51:43 [ERROR] [Code: 2003] Can't connect to MySQL server on '192.168.1.100' (111)
241013 10:51:53 [NOTE] [Code: 1064] Syntax error near 'FROM table WHERE id = 1'
241013 10:52:03 [WARNING] [Code: 1146] Table 'database.table' doesn't exist
241013 10:52:13 [ERROR] [Code: 1054] Unknown column 'id' in 'where clause'
241013 10:52:23 [ERROR] [Code: 2003] Can't connect to MySQL server on 'localhost' (10061)
241013 10:52:33 [WARNING] [Code: 1045] Access denied for user 'user'@'localhost' (using password: YES)
241013 10:52:43 [NOTE] [Code: 1146] Table 'database.unknown_table' doesn't exist
241013 10:56:18 [NOTE] [Code: 1054] Unknown column 'customer_email' in 'where clause'
241013 10:56:28 [ERROR] [Code: 1054] Unknown column 'discount_price' in 'field list'
241013 10:56:38 [NOTE] [Code: 1054] Unknown column 'discount_price' in 'field list'
241013 10:56:48 [ERROR] [Code: 1054] Unknown column 'discount_price' in 'field list'
241013 10:56:58 [NOTE] [Code: 2003] Can't connect to MySQL server on 'db.ecommerce.com' (10061)
241013 10:57:08 [ERROR] [Code: 1064] Syntax error near 'INSERT INTO orders (customer_id, product_id, quantity) VALUE'
241013 10:57:18 [ERROR] [Code: 1146] Table 'ecommerce_db.products' doesn't exist
241013 10:57:28 [ERROR] [Code: 1064] You have an error in your SQL syntax; check the manual near 'SELECT * FROM products WHERE category = Electronics'
241013 10:57:38 [ERROR] [Code: 1146] Table 'ecommerce_db.orders' doesn't exist
241013 10:57:48 [WARNING] [Code: 1045] Access denied for user 'ecommerce_user'@'localhost' (using password: YES)
241013 10:57:58 [WARNING] [Code: 1146] Table 'ecommerce_db.orders' doesn't exist
241013 10:58:08 [WARNING] [Code: 2003] Can't connect to MySQL server on 'db.ecommerce.com' (10061)
241013 10:58:18 [ERROR] [Code: 1146] Table 'ecommerce_db.orders' doesn't exist
241013 10:58:28 [ERROR] [Code: 1045] Access denied for user 'shop_admin'@'localhost' (using password: NO)
241013 10:58:38 [NOTE] [Code: 1064] You have an error in your SQL syntax; check the manual near 'SELECT * FROM products WHERE category = Electronics'
241013 10:58:48 [WARNING] [Code: 1064] You have an error in your SQL syntax; check the manual near 'SELECT * FROM products WHERE category = Electronics'
241013 10:58:58 [WARNING] [Code: 2003] Can't connect to MySQL server on '192.168.1.100' (111)
